2025-03-20 14:44:44 [INFO]: Server running on http://localhost:5000
2025-03-20 14:49:46 [INFO]: Server running on http://localhost:5000
2025-03-20 14:50:17 [INFO]: Server running on http://localhost:5000
2025-03-20 14:50:24 [INFO]: Server running on http://localhost:5000
2025-03-20 14:53:30 [INFO]: Server running on http://localhost:5000
2025-03-20 14:54:33 [INFO]: Server running on http://localhost:5000
2025-03-20 14:54:45 [INFO]: Server running on http://localhost:5000
2025-03-20 14:54:55 [INFO]: Server running on http://localhost:5000
2025-03-20 15:01:39 [INFO]: Server running on http://localhost:5000
2025-03-20 15:01:43 [INFO]: Server running on http://localhost:5000
2025-03-20 15:01:54 [INFO]: Server running on http://localhost:5000
2025-03-20 15:01:55 [INFO]: Server running on http://localhost:5000
2025-03-20 15:01:59 [INFO]: Server running on http://localhost:5000
2025-03-20 15:02:06 [INFO]: Server running on http://localhost:5000
2025-03-20 15:02:22 [INFO]: Server running on http://localhost:5000
2025-03-20 15:02:53 [INFO]: Server running on http://localhost:5000
2025-03-20 15:07:11 [INFO]: Server running on http://localhost:5000
2025-03-20 15:07:46 [INFO]: Server running on http://localhost:5000
2025-03-20 15:12:18 [INFO]: Server running on http://localhost:5000
2025-03-20 15:12:20 [INFO]: Server running on http://localhost:5000
2025-03-20 15:12:22 [INFO]: Server running on http://localhost:5000
2025-03-20 15:12:24 [INFO]: Server running on http://localhost:5000
2025-03-20 15:14:01 [INFO]: Server running on http://localhost:5000
2025-03-20 15:14:05 [INFO]: Server running on http://localhost:5000
2025-03-20 15:14:10 [INFO]: Server running on http://localhost:5000
2025-03-20 15:21:25 [INFO]: Server running on http://localhost:5000
2025-03-20 15:21:26 [INFO]: Server running on http://localhost:5000
2025-03-20 15:21:28 [INFO]: Server running on http://localhost:5000
2025-03-20 15:21:30 [INFO]: Server running on http://localhost:5000
2025-03-20 15:21:31 [INFO]: Server running on http://localhost:5000
2025-03-20 15:21:37 [INFO]: Server running on http://localhost:5000
2025-03-20 15:21:40 [INFO]: Server running on http://localhost:5000
2025-03-20 15:21:45 [INFO]: user data fetched response: 200 Successfully fetched user data
2025-03-20 15:23:01 [INFO]: Server running on http://localhost:5000
2025-03-20 15:23:04 [INFO]: Server running on http://localhost:5000
2025-03-20 15:23:06 [INFO]: Server running on http://localhost:5000
2025-03-20 15:23:14 [INFO]: Server running on http://localhost:5000
2025-03-20 15:23:17 [INFO]: Server running on http://localhost:5000
2025-03-20 15:23:30 [INFO]: Server running on http://localhost:5000
2025-03-20 15:23:52 [INFO]: Server running on http://localhost:5000
2025-03-20 15:23:55 [INFO]: Server running on http://localhost:5000
2025-03-20 15:24:00 [INFO]: Server running on http://localhost:5000
2025-03-20 15:24:02 [INFO]: Server running on http://localhost:5000
2025-03-20 15:24:12 [INFO]: Server running on http://localhost:5000
2025-03-20 15:24:14 [INFO]: Server running on http://localhost:5000
2025-03-20 15:24:36 [INFO]: Server running on http://localhost:5000
2025-03-20 15:24:38 [INFO]: Server running on http://localhost:5000
2025-03-20 15:24:46 [INFO]: Server running on http://localhost:5000
2025-03-20 15:31:59 [INFO]: user data fetched response: 200 Successfully fetched user data
2025-03-20 15:35:22 [INFO]: Server running on http://localhost:5000
2025-03-20 15:35:28 [INFO]: Server running on http://localhost:5000
2025-03-20 15:35:37 [INFO]: Server running on http://localhost:5000
2025-03-20 15:35:47 [INFO]: Server running on http://localhost:5000
2025-03-20 15:35:56 [INFO]: Server running on http://localhost:5000
2025-03-20 15:36:02 [INFO]: user data fetched response
2025-03-20 15:36:21 [INFO]: Server running on http://localhost:5000
2025-03-20 15:36:23 [INFO]: user data fetched response: 200 Successfully fetched user data
2025-03-20 15:36:51 [INFO]: user data fetched response: 200 Successfully fetched user data
2025-03-20 15:37:05 [INFO]: Server running on http://localhost:5000
2025-03-20 15:37:21 [INFO]: Server running on http://localhost:5000
2025-03-20 15:37:35 [INFO]: Server running on http://localhost:5000
2025-03-20 15:37:38 [INFO]: Server running on http://localhost:5000
2025-03-20 15:43:43 [INFO]: Server running on http://localhost:5000
2025-03-20 15:43:49 [INFO]: user data fetched response: 200 Successfully fetched user data
2025-03-20 15:43:58 [INFO]: user data fetched response: 404 USER NOT FOUND
2025-03-20 15:45:22 [INFO]: Server running on http://localhost:5000
2025-03-20 15:46:02 [INFO]: user data fetched response: 200 Successfully fetched user data
2025-03-20 15:52:13 [INFO]: Server running on http://localhost:5000
2025-03-20 15:52:14 [INFO]: Server running on http://localhost:5000
2025-03-20 15:52:17 [INFO]: Server running on http://localhost:5000
2025-03-20 15:52:27 [INFO]: Server running on http://localhost:5000
2025-03-20 15:52:51 [INFO]: user data fetched response: 200 Successfully fetched user data
2025-03-20 15:54:31 [INFO]: Server running on http://localhost:5000
2025-03-20 15:54:35 [INFO]: user data fetched response: 200 Successfully fetched user data
2025-03-20 15:56:08 [INFO]: Server running on http://localhost:5000
2025-03-20 15:56:11 [INFO]: user data fetched response: 200 Successfully fetched user data
2025-03-20 15:56:34 [INFO]: Server running on http://localhost:5000
2025-03-20 15:58:09 [INFO]: Server running on http://localhost:5000
2025-03-20 15:58:12 [INFO]: Server running on http://localhost:5000
2025-03-20 15:58:18 [INFO]: Server running on http://localhost:5000
2025-03-20 15:58:20 [INFO]: Server running on http://localhost:5000
2025-03-20 15:58:34 [INFO]: Server running on http://localhost:5000
2025-03-20 15:58:41 [INFO]: Server running on http://localhost:5000
2025-03-20 15:58:57 [INFO]: Server running on http://localhost:5000
2025-03-20 15:59:01 [INFO]: user data fetched response: [object Object]
2025-03-20 16:01:39 [INFO]: user data fetched response: 200 Successfully fetched user data
2025-03-20 16:02:17 [INFO]: user data updated: 200 Successfully fetched user data
2025-03-20 16:04:51 [INFO]: Server running on http://localhost:5000
2025-03-20 16:04:59 [INFO]: Server running on http://localhost:5000
2025-03-20 16:05:05 [INFO]: Server running on http://localhost:5000
2025-03-20 16:05:42 [INFO]: Server running on http://localhost:5000
2025-03-20 16:05:47 [INFO]: Server running on http://localhost:5000
2025-03-20 16:05:50 [INFO]: Server running on http://localhost:5000
2025-03-20 16:05:54 [INFO]: Server running on http://localhost:5000
2025-03-20 16:06:11 [INFO]: Server running on http://localhost:5000
2025-03-20 16:07:10 [INFO]: Server running on http://localhost:5000
2025-03-20 16:07:14 [INFO]: Server running on http://localhost:5000
2025-03-20 16:07:17 [INFO]: Server running on http://localhost:5000
2025-03-20 16:07:29 [INFO]: Server running on http://localhost:5000
2025-03-20 16:07:31 [INFO]: Server running on http://localhost:5000
2025-03-20 16:07:33 [INFO]: Server running on http://localhost:5000
2025-03-20 16:07:36 [INFO]: Server running on http://localhost:5000
2025-03-20 16:15:46 [INFO]: Server running on http://localhost:5000
2025-03-20 16:15:48 [INFO]: Server running on http://localhost:5000
2025-03-20 16:15:52 [INFO]: Server running on http://localhost:5000
2025-03-20 16:27:31 [INFO]: Server running on http://localhost:5000
2025-03-20 16:27:34 [INFO]: Server running on http://localhost:5000
2025-03-20 16:27:38 [INFO]: user data fetched response: [object Object]
2025-03-20 16:27:48 [INFO]: user data fetched response: [object Object]
2025-03-20 16:28:44 [INFO]: Server running on http://localhost:5000
2025-03-20 16:28:48 [INFO]: user data fetched response: [object Object]
2025-03-20 16:30:02 [INFO]: user data fetched response: [object Object]
2025-03-20 16:31:00 [INFO]: user data fetched response: [object Object]
2025-03-20 16:33:18 [INFO]: Server running on http://localhost:5000
2025-03-20 16:33:20 [INFO]: user data fetched response: [object Object]
2025-03-20 16:35:59 [INFO]: Server running on http://localhost:5000
2025-03-20 16:36:01 [INFO]: Server running on http://localhost:5000
2025-03-20 16:36:02 [INFO]: Server running on http://localhost:5000
2025-03-20 16:36:05 [INFO]: Server running on http://localhost:5000
2025-03-20 16:45:48 [INFO]: Server running on http://localhost:5000
2025-03-20 16:46:32 [INFO]: user data fetched response: [object Object]
2025-03-20 17:27:52 [INFO]: Server running on http://localhost:5000
2025-03-20 17:29:01 [INFO]: Server running on http://localhost:5000
2025-03-20 17:29:26 [INFO]: Server running on http://localhost:5000
2025-03-20 17:29:28 [INFO]: Server running on http://localhost:5000
2025-03-20 17:30:19 [INFO]: Server running on http://localhost:5000
2025-03-20 17:30:25 [INFO]: Server running on http://localhost:5000
2025-03-20 17:30:30 [INFO]: Server running on http://localhost:5000
2025-03-20 17:30:34 [INFO]: Server running on http://localhost:5000
2025-03-20 17:30:52 [INFO]: Server running on http://localhost:5000
2025-03-20 17:30:53 [INFO]: user data updated: 200 Successfully fetched user data
2025-03-20 17:32:18 [INFO]: Server running on http://localhost:5000
2025-03-20 17:32:23 [INFO]: Server running on http://localhost:5000
2025-03-20 17:33:21 [INFO]: Server running on http://localhost:5000
2025-03-20 17:33:23 [INFO]: Server running on http://localhost:5000
2025-03-20 17:33:34 [INFO]: Server running on http://localhost:5000
2025-03-20 17:33:36 [INFO]: Server running on http://localhost:5000
2025-03-20 18:08:48 [INFO]: Server running on http://localhost:5000
2025-03-20 18:08:49 [INFO]: Server running on http://localhost:5000
2025-03-20 18:09:24 [INFO]: Server running on http://localhost:5000
2025-03-20 18:09:54 [INFO]: Server running on http://localhost:5000
2025-03-20 18:10:54 [INFO]: Server running on http://localhost:5000
2025-03-20 18:11:26 [INFO]: Server running on http://localhost:5000
2025-03-20 18:11:28 [INFO]: Server running on http://localhost:5000
2025-03-20 18:11:30 [INFO]: Server running on http://localhost:5000
2025-03-20 18:22:18 [INFO]: Server running on http://localhost:5000
2025-03-20 18:22:23 [INFO]: Server running on http://localhost:5000
2025-03-20 18:23:28 [INFO]: Server running on http://localhost:5000
2025-03-20 18:24:24 [INFO]: Server running on http://localhost:5000
2025-03-20 18:24:48 [INFO]: user data updated: 404 USER NOT FOUND
2025-03-20 18:24:59 [INFO]: user data updated: 404 USER NOT FOUND
2025-03-20 18:25:12 [INFO]: user data updated: 200 Successfully fetched user data
2025-03-20 18:26:57 [INFO]: Server running on http://localhost:5000
2025-03-20 18:30:23 [INFO]: Server running on http://localhost:5000
2025-03-20 18:32:12 [INFO]: Server running on http://localhost:5000
2025-03-20 18:39:44 [INFO]: Server running on http://localhost:5000
2025-03-20 18:41:02 [INFO]: Server running on http://localhost:5000
2025-03-20 18:42:00 [INFO]: Server running on http://localhost:5000
2025-03-20 18:42:03 [INFO]: Server running on http://localhost:5000
2025-03-20 18:42:04 [INFO]: Server running on http://localhost:5000
2025-03-20 18:42:06 [INFO]: Server running on http://localhost:5000
2025-03-20 18:42:23 [INFO]: Server running on http://localhost:5000
2025-03-20 18:43:22 [INFO]: Server running on http://localhost:5000
2025-03-20 18:43:59 [INFO]: Server running on http://localhost:5000
2025-03-20 18:44:02 [INFO]: Server running on http://localhost:5000
2025-03-20 18:44:09 [INFO]: Server running on http://localhost:5000
2025-03-20 18:44:10 [INFO]: Server running on http://localhost:5000
2025-03-20 18:44:13 [INFO]: Server running on http://localhost:5000
2025-03-20 18:44:19 [INFO]: Server running on http://localhost:5000
2025-03-20 18:44:46 [INFO]: Server running on http://localhost:5000
2025-03-20 21:37:07 [INFO]: Server running on http://localhost:5000
2025-03-20 21:42:20 [INFO]: Server running on http://localhost:5000
2025-03-20 21:42:24 [INFO]: Server running on http://localhost:5000
2025-03-20 21:42:37 [INFO]: Server running on http://localhost:5000
2025-03-20 21:42:40 [INFO]: Server running on http://localhost:5000
2025-03-20 21:42:43 [INFO]: Server running on http://localhost:5000
2025-03-20 21:42:45 [INFO]: Server running on http://localhost:5000
2025-03-20 21:43:16 [INFO]: Server running on http://localhost:5000
2025-03-20 21:43:47 [INFO]: Server running on http://localhost:5000
2025-03-20 21:44:05 [INFO]: User created successfully
2025-03-20 21:45:54 [INFO]: Server running on http://localhost:5000
2025-03-20 21:45:57 [INFO]: Server running on http://localhost:5000
2025-03-20 21:45:59 [INFO]: Server running on http://localhost:5000
2025-03-20 21:46:01 [INFO]: Server running on http://localhost:5000
2025-03-20 21:46:02 [INFO]: User created successfully
2025-03-20 21:46:36 [INFO]: Server running on http://localhost:5000
2025-03-20 21:46:40 [INFO]: Server running on http://localhost:5000
2025-03-20 21:46:42 [INFO]: Server running on http://localhost:5000
2025-03-20 21:46:46 [INFO]: Server running on http://localhost:5000
2025-03-20 21:46:47 [INFO]: Server running on http://localhost:5000
2025-03-20 21:46:49 [INFO]: Server running on http://localhost:5000
2025-03-20 21:46:51 [INFO]: Server running on http://localhost:5000
2025-03-20 21:46:52 [INFO]: Server running on http://localhost:5000
2025-03-20 21:48:54 [INFO]: user data fetched response: [object Object]
2025-03-20 21:51:40 [INFO]: user data updated: 200 Successfully fetched user data
2025-03-20 21:55:59 [INFO]: user data fetched response: 200 Successfully fetched user data
2025-03-20 21:56:08 [INFO]: user data fetched response: [object Object]
2025-03-20 21:56:53 [INFO]: Server running on http://localhost:5000
2025-03-20 21:56:54 [INFO]: Server running on http://localhost:5000
2025-03-20 21:57:16 [INFO]: Server running on http://localhost:5000
2025-03-20 21:57:22 [INFO]: Server running on http://localhost:5000
2025-03-20 21:59:29 [INFO]: user data fetched response: [object Object]
2025-03-20 21:59:54 [INFO]: user data fetched response: [object Object]
2025-03-20 22:00:12 [INFO]: user data updated: 200 Successfully fetched user data
2025-03-20 22:01:17 [INFO]: user data fetched response: 200 Successfully fetched user data
2025-03-20 22:23:28 [INFO]: Server running on http://localhost:5000
2025-03-20 22:23:29 [INFO]: Server running on http://localhost:5000
2025-03-20 22:23:31 [INFO]: Server running on http://localhost:5000
2025-03-20 22:23:33 [INFO]: Server running on http://localhost:5000
2025-03-20 22:23:38 [INFO]: Server running on http://localhost:5000
2025-03-20 22:23:43 [INFO]: Server running on http://localhost:5000
2025-03-20 22:23:44 [INFO]: Server running on http://localhost:5000
2025-03-20 22:23:46 [INFO]: Server running on http://localhost:5000
2025-03-20 22:24:11 [INFO]: Server running on http://localhost:5000
2025-03-20 22:24:14 [INFO]: Server running on http://localhost:5000
2025-03-20 22:24:18 [INFO]: Server running on http://localhost:5000
2025-03-20 22:24:21 [INFO]: Server running on http://localhost:5000
2025-03-20 22:26:44 [INFO]: Server running on http://localhost:5000
2025-03-20 22:26:47 [INFO]: Server running on http://localhost:5000
2025-03-20 22:26:53 [INFO]: Server running on http://localhost:5000
2025-03-20 22:27:03 [INFO]: Server running on http://localhost:5000
2025-03-20 22:27:10 [INFO]: Server running on http://localhost:5000
2025-03-20 22:27:17 [INFO]: Server running on http://localhost:5000
2025-03-20 22:27:32 [INFO]: Server running on http://localhost:5000
2025-03-20 22:27:38 [INFO]: Server running on http://localhost:5000
2025-03-20 22:31:38 [INFO]: Server running on http://localhost:5000
2025-03-20 22:31:40 [INFO]: Server running on http://localhost:5000
2025-03-20 22:32:23 [INFO]: Server running on http://localhost:5000
2025-03-20 22:32:24 [INFO]: Server running on http://localhost:5000
2025-03-20 22:32:25 [INFO]: Server running on http://localhost:5000
2025-03-20 22:32:29 [INFO]: Server running on http://localhost:5000
2025-03-20 22:32:35 [INFO]: Server running on http://localhost:5000
2025-03-20 22:32:39 [INFO]: Server running on http://localhost:5000
2025-03-20 22:32:40 [INFO]: Server running on http://localhost:5000
2025-03-20 22:32:43 [INFO]: Server running on http://localhost:5000
2025-03-20 22:32:44 [INFO]: Server running on http://localhost:5000
2025-03-20 22:32:45 [INFO]: Server running on http://localhost:5000
2025-03-20 22:32:48 [INFO]: Server running on http://localhost:5000
2025-03-20 22:32:49 [INFO]: Server running on http://localhost:5000
2025-03-20 22:35:28 [INFO]: Server running on http://localhost:5000
2025-03-20 22:35:30 [INFO]: Server running on http://localhost:5000
2025-03-20 22:35:35 [INFO]: Server running on http://localhost:5000
2025-03-20 22:35:37 [INFO]: Server running on http://localhost:5000
2025-03-20 22:35:40 [INFO]: Server running on http://localhost:5000
2025-03-20 22:35:42 [INFO]: Server running on http://localhost:5000
2025-03-20 22:35:44 [INFO]: Server running on http://localhost:5000
2025-03-20 22:35:46 [INFO]: Server running on http://localhost:5000
2025-03-20 22:35:47 [INFO]: Server running on http://localhost:5000
2025-03-20 22:35:51 [INFO]: Server running on http://localhost:5000
2025-03-20 22:35:52 [INFO]: Server running on http://localhost:5000
2025-03-20 22:35:55 [INFO]: Server running on http://localhost:5000
2025-03-20 22:35:56 [INFO]: Server running on http://localhost:5000
2025-03-20 22:35:58 [INFO]: Server running on http://localhost:5000
2025-03-20 22:35:59 [INFO]: Server running on http://localhost:5000
2025-03-20 22:36:00 [INFO]: Server running on http://localhost:5000
2025-03-20 22:36:03 [INFO]: Server running on http://localhost:5000
2025-03-20 22:36:04 [INFO]: Server running on http://localhost:5000
2025-03-20 22:36:08 [INFO]: Server running on http://localhost:5000
2025-03-20 22:36:09 [INFO]: Server running on http://localhost:5000
2025-03-20 22:36:11 [INFO]: Server running on http://localhost:5000
2025-03-20 22:36:13 [INFO]: Server running on http://localhost:5000
2025-03-20 22:36:14 [INFO]: Server running on http://localhost:5000
2025-03-20 22:36:15 [INFO]: Server running on http://localhost:5000
2025-03-20 22:36:16 [INFO]: Server running on http://localhost:5000
2025-03-20 22:36:19 [INFO]: Server running on http://localhost:5000
2025-03-20 22:36:20 [INFO]: Server running on http://localhost:5000
2025-03-20 22:36:21 [INFO]: Server running on http://localhost:5000
2025-03-20 22:36:23 [INFO]: Server running on http://localhost:5000
2025-03-20 22:36:27 [INFO]: Server running on http://localhost:5000
2025-03-20 22:36:29 [INFO]: Server running on http://localhost:5000
2025-03-20 22:36:38 [INFO]: Server running on http://localhost:5000
2025-03-20 22:36:40 [INFO]: Server running on http://localhost:5000
2025-03-20 22:36:47 [INFO]: Server running on http://localhost:5000
2025-03-20 22:36:49 [INFO]: Server running on http://localhost:5000
2025-03-20 22:36:50 [INFO]: Server running on http://localhost:5000
2025-03-20 22:36:52 [INFO]: Server running on http://localhost:5000
2025-03-20 22:36:53 [INFO]: Server running on http://localhost:5000
2025-03-20 22:36:56 [INFO]: Server running on http://localhost:5000
2025-03-20 22:36:57 [INFO]: Server running on http://localhost:5000
2025-03-20 22:37:09 [INFO]: Server running on http://localhost:5000
2025-03-20 22:37:33 [INFO]: Server running on http://localhost:5000
2025-03-20 22:37:35 [INFO]: Server running on http://localhost:5000
2025-03-20 22:37:36 [INFO]: Server running on http://localhost:5000
2025-03-20 22:37:37 [INFO]: Server running on http://localhost:5000
2025-03-20 22:38:13 [INFO]: Server running on http://localhost:5000
2025-03-20 22:38:15 [INFO]: Server running on http://localhost:5000
2025-03-20 22:38:18 [INFO]: Server running on http://localhost:5000
2025-03-20 22:38:22 [INFO]: Server running on http://localhost:5000
2025-03-20 22:38:23 [INFO]: Server running on http://localhost:5000
2025-03-20 22:38:24 [INFO]: Server running on http://localhost:5000
2025-03-20 22:38:26 [INFO]: Server running on http://localhost:5000
2025-03-20 22:38:28 [INFO]: Server running on http://localhost:5000
2025-03-20 22:38:29 [INFO]: Server running on http://localhost:5000
2025-03-20 22:38:31 [INFO]: Server running on http://localhost:5000
2025-03-20 22:38:35 [INFO]: Server running on http://localhost:5000
2025-03-20 22:38:37 [INFO]: Server running on http://localhost:5000
2025-03-20 22:38:38 [INFO]: Server running on http://localhost:5000
2025-03-20 22:38:42 [INFO]: Server running on http://localhost:5000
2025-03-20 22:38:43 [INFO]: Server running on http://localhost:5000
2025-03-20 22:38:47 [INFO]: Server running on http://localhost:5000
2025-03-20 22:38:49 [INFO]: Server running on http://localhost:5000
2025-03-20 22:38:51 [INFO]: Server running on http://localhost:5000
2025-03-20 22:38:52 [INFO]: Server running on http://localhost:5000
2025-03-20 22:38:53 [INFO]: Server running on http://localhost:5000
2025-03-20 22:38:57 [INFO]: Server running on http://localhost:5000
2025-03-20 22:39:01 [INFO]: Server running on http://localhost:5000
2025-03-20 22:39:02 [INFO]: Server running on http://localhost:5000
2025-03-20 22:39:03 [INFO]: Server running on http://localhost:5000
2025-03-20 22:39:05 [INFO]: Server running on http://localhost:5000
2025-03-20 22:39:09 [INFO]: Server running on http://localhost:5000
2025-03-20 22:39:11 [INFO]: Server running on http://localhost:5000
2025-03-20 22:39:13 [INFO]: Server running on http://localhost:5000
2025-03-20 22:39:14 [INFO]: Server running on http://localhost:5000
2025-03-20 22:39:17 [INFO]: Server running on http://localhost:5000
2025-03-20 22:39:18 [INFO]: Server running on http://localhost:5000
2025-03-20 22:39:26 [INFO]: Server running on http://localhost:5000
2025-03-20 22:39:28 [INFO]: Server running on http://localhost:5000
2025-03-20 22:39:29 [INFO]: Server running on http://localhost:5000
2025-03-20 22:39:39 [INFO]: Server running on http://localhost:5000
2025-03-20 22:39:40 [INFO]: Server running on http://localhost:5000
2025-03-20 22:39:42 [INFO]: Server running on http://localhost:5000
2025-03-20 22:39:43 [INFO]: Server running on http://localhost:5000
2025-03-20 22:39:47 [INFO]: Server running on http://localhost:5000
2025-03-20 22:39:48 [INFO]: Server running on http://localhost:5000
2025-03-20 22:39:54 [INFO]: Server running on http://localhost:5000
2025-03-20 22:39:55 [INFO]: Server running on http://localhost:5000
2025-03-20 22:39:56 [INFO]: Server running on http://localhost:5000
2025-03-20 22:40:29 [INFO]: Server running on http://localhost:5000
2025-03-20 22:40:29 [INFO]: Server running on http://localhost:5000
2025-03-20 22:40:32 [INFO]: Server running on http://localhost:5000
2025-03-20 22:40:38 [INFO]: Server running on http://localhost:5000
2025-03-20 22:40:41 [INFO]: Server running on http://localhost:5000
2025-03-20 22:40:42 [INFO]: Server running on http://localhost:5000
2025-03-20 22:40:44 [INFO]: Server running on http://localhost:5000
2025-03-20 22:40:52 [INFO]: Server running on http://localhost:5000
2025-03-20 22:41:04 [INFO]: Server running on http://localhost:5000
2025-03-20 22:41:05 [INFO]: Server running on http://localhost:5000
2025-03-20 22:41:14 [INFO]: Server running on http://localhost:5000
2025-03-20 22:41:16 [INFO]: Server running on http://localhost:5000
2025-03-20 22:41:18 [INFO]: Server running on http://localhost:5000
2025-03-20 22:41:21 [INFO]: Server running on http://localhost:5000
2025-03-20 22:41:22 [INFO]: Server running on http://localhost:5000
2025-03-20 22:41:39 [INFO]: Server running on http://localhost:5000
2025-03-20 22:41:40 [INFO]: Server running on http://localhost:5000
2025-03-20 22:41:45 [INFO]: Server running on http://localhost:5000
2025-03-20 22:41:46 [INFO]: Server running on http://localhost:5000
2025-03-20 22:41:48 [INFO]: Server running on http://localhost:5000
2025-03-20 22:41:49 [INFO]: Server running on http://localhost:5000
2025-03-20 22:45:59 [INFO]: Server running on http://localhost:5000
2025-03-20 22:46:02 [INFO]: Server running on http://localhost:5000
2025-03-20 22:46:03 [INFO]: Server running on http://localhost:5000
2025-03-20 22:46:06 [INFO]: Server running on http://localhost:5000
2025-03-20 22:46:07 [INFO]: Server running on http://localhost:5000
2025-03-20 22:46:09 [INFO]: Server running on http://localhost:5000
2025-03-20 22:46:10 [INFO]: Server running on http://localhost:5000
2025-03-20 22:46:12 [INFO]: Server running on http://localhost:5000
2025-03-20 22:46:13 [INFO]: Server running on http://localhost:5000
2025-03-20 22:46:17 [INFO]: Server running on http://localhost:5000
2025-03-20 22:46:19 [INFO]: Server running on http://localhost:5000
2025-03-20 22:46:22 [INFO]: Server running on http://localhost:5000
2025-03-20 22:46:23 [INFO]: Server running on http://localhost:5000
2025-03-20 22:46:24 [INFO]: Server running on http://localhost:5000
2025-03-20 22:46:26 [INFO]: Server running on http://localhost:5000
2025-03-20 22:46:28 [INFO]: Server running on http://localhost:5000
2025-03-20 22:47:18 [INFO]: Server running on http://localhost:5000
2025-03-20 22:47:20 [INFO]: Server running on http://localhost:5000
2025-03-20 22:47:27 [INFO]: Server running on http://localhost:5000
2025-03-20 22:47:28 [INFO]: Server running on http://localhost:5000
2025-03-20 22:48:12 [INFO]: Server running on http://localhost:5000
2025-03-20 22:48:15 [INFO]: Server running on http://localhost:5000
2025-03-20 22:48:17 [INFO]: Server running on http://localhost:5000
2025-03-20 22:48:28 [INFO]: Server running on http://localhost:5000
2025-03-20 22:48:30 [INFO]: Server running on http://localhost:5000
2025-03-20 22:48:34 [INFO]: Server running on http://localhost:5000
2025-03-20 22:48:37 [INFO]: Server running on http://localhost:5000
2025-03-20 22:48:39 [INFO]: Server running on http://localhost:5000
2025-03-20 22:49:09 [INFO]: Server running on http://localhost:5000
2025-03-20 22:49:11 [INFO]: Server running on http://localhost:5000
2025-03-20 22:49:16 [INFO]: Server running on http://localhost:5000
2025-03-20 22:49:18 [INFO]: Server running on http://localhost:5000
2025-03-20 22:49:22 [INFO]: Server running on http://localhost:5000
2025-03-20 22:49:25 [INFO]: Server running on http://localhost:5000
2025-03-20 22:49:30 [INFO]: Server running on http://localhost:5000
2025-03-20 22:49:32 [INFO]: Server running on http://localhost:5000
2025-03-20 22:49:34 [INFO]: Server running on http://localhost:5000
2025-03-20 22:49:36 [INFO]: Server running on http://localhost:5000
2025-03-20 22:49:39 [INFO]: Server running on http://localhost:5000
2025-03-20 22:49:40 [INFO]: Server running on http://localhost:5000
2025-03-20 22:49:42 [INFO]: Server running on http://localhost:5000
2025-03-20 22:49:43 [INFO]: Server running on http://localhost:5000
2025-03-20 22:49:46 [INFO]: Server running on http://localhost:5000
2025-03-20 22:49:47 [INFO]: Server running on http://localhost:5000
2025-03-20 22:49:50 [INFO]: Server running on http://localhost:5000
2025-03-20 22:49:53 [INFO]: Server running on http://localhost:5000
2025-03-20 22:49:57 [INFO]: Server running on http://localhost:5000
2025-03-20 22:49:59 [INFO]: Server running on http://localhost:5000
2025-03-20 22:50:01 [INFO]: Server running on http://localhost:5000
2025-03-20 22:50:06 [INFO]: Server running on http://localhost:5000
2025-03-20 22:50:07 [INFO]: Server running on http://localhost:5000
2025-03-20 22:50:09 [INFO]: Server running on http://localhost:5000
2025-03-20 22:50:11 [INFO]: Server running on http://localhost:5000
2025-03-20 22:50:13 [INFO]: Server running on http://localhost:5000
2025-03-20 22:51:21 [INFO]: Server running on http://localhost:5000
2025-03-20 22:51:22 [INFO]: Server running on http://localhost:5000
2025-03-20 22:51:24 [INFO]: Server running on http://localhost:5000
2025-03-20 22:51:26 [INFO]: Server running on http://localhost:5000
2025-03-20 22:51:28 [INFO]: Server running on http://localhost:5000
2025-03-20 22:51:31 [INFO]: Server running on http://localhost:5000
2025-03-20 22:51:34 [INFO]: Server running on http://localhost:5000
2025-03-20 22:51:36 [INFO]: Server running on http://localhost:5000
2025-03-20 22:51:38 [INFO]: Server running on http://localhost:5000
2025-03-20 22:52:20 [INFO]: Server running on http://localhost:5000
2025-03-20 22:52:36 [INFO]: Server running on http://localhost:5000
2025-03-20 22:52:43 [INFO]: Server running on http://localhost:5000
2025-03-20 22:52:46 [INFO]: Server running on http://localhost:5000
2025-03-20 22:52:50 [INFO]: Server running on http://localhost:5000
2025-03-20 22:52:55 [INFO]: Server running on http://localhost:5000
2025-03-20 22:52:58 [INFO]: Server running on http://localhost:5000
2025-03-20 22:53:00 [INFO]: Server running on http://localhost:5000
2025-03-20 22:53:01 [INFO]: Server running on http://localhost:5000
2025-03-20 22:53:35 [INFO]: Server running on http://localhost:5000
2025-03-20 22:53:41 [INFO]: Server running on http://localhost:5000
2025-03-20 22:54:33 [INFO]: Server running on http://localhost:5000
2025-03-20 22:54:35 [INFO]: Server running on http://localhost:5000
2025-03-20 22:54:39 [INFO]: Server running on http://localhost:5000
2025-03-20 22:54:42 [INFO]: Server running on http://localhost:5000
2025-03-20 22:54:44 [INFO]: Server running on http://localhost:5000
2025-03-20 22:54:53 [INFO]: Server running on http://localhost:5000
2025-03-20 22:54:58 [INFO]: Server running on http://localhost:5000
2025-03-20 22:55:03 [INFO]: Server running on http://localhost:5000
2025-03-20 22:55:05 [INFO]: Server running on http://localhost:5000
2025-03-20 22:55:54 [INFO]: Server running on http://localhost:5000
2025-03-20 22:55:56 [INFO]: Server running on http://localhost:5000
2025-03-20 22:56:00 [INFO]: Server running on http://localhost:5000
2025-03-20 22:56:20 [INFO]: Server running on http://localhost:5000
2025-03-20 22:56:41 [INFO]: Server running on http://localhost:5000
2025-03-20 22:56:46 [INFO]: Server running on http://localhost:5000
2025-03-20 22:56:51 [INFO]: Server running on http://localhost:5000
2025-03-20 22:56:53 [INFO]: Server running on http://localhost:5000
2025-03-20 22:58:10 [INFO]: Server running on http://localhost:5000
2025-03-20 22:58:12 [INFO]: Server running on http://localhost:5000
2025-03-20 22:58:14 [INFO]: Server running on http://localhost:5000
2025-03-20 22:58:16 [INFO]: Server running on http://localhost:5000
2025-03-20 22:58:19 [INFO]: Server running on http://localhost:5000
2025-03-20 22:58:24 [INFO]: Server running on http://localhost:5000
2025-03-20 22:58:50 [INFO]: Server running on http://localhost:5000
2025-03-20 22:59:00 [INFO]: Server running on http://localhost:5000
2025-03-20 22:59:04 [INFO]: Server running on http://localhost:5000
2025-03-20 22:59:07 [INFO]: Server running on http://localhost:5000
2025-03-20 22:59:20 [INFO]: Server running on http://localhost:5000
2025-03-20 22:59:24 [INFO]: Server running on http://localhost:5000
2025-03-20 22:59:27 [INFO]: Server running on http://localhost:5000
2025-03-20 22:59:31 [INFO]: Server running on http://localhost:5000
2025-03-20 23:01:32 [INFO]: Server running on http://localhost:5000
2025-03-20 23:01:35 [INFO]: Server running on http://localhost:5000
2025-03-20 23:01:37 [INFO]: Server running on http://localhost:5000
2025-03-20 23:01:48 [INFO]: Server running on http://localhost:5000
2025-03-20 23:01:49 [INFO]: Server running on http://localhost:5000
2025-03-20 23:01:51 [INFO]: Server running on http://localhost:5000
2025-03-20 23:02:01 [INFO]: Server running on http://localhost:5000
2025-03-20 23:02:04 [INFO]: Server running on http://localhost:5000
2025-03-20 23:02:08 [INFO]: Server running on http://localhost:5000
2025-03-20 23:02:19 [INFO]: Server running on http://localhost:5000
2025-03-20 23:02:21 [INFO]: Server running on http://localhost:5000
2025-03-20 23:02:24 [INFO]: Server running on http://localhost:5000
2025-03-20 23:02:26 [INFO]: Server running on http://localhost:5000
2025-03-20 23:02:30 [INFO]: Server running on http://localhost:5000
2025-03-20 23:02:41 [INFO]: Server running on http://localhost:5000
2025-03-20 23:02:45 [INFO]: Server running on http://localhost:5000
2025-03-20 23:03:19 [INFO]: Server running on http://localhost:5000
2025-03-20 23:03:25 [INFO]: Server running on http://localhost:5000
2025-03-20 23:03:29 [INFO]: Server running on http://localhost:5000
2025-03-20 23:03:33 [INFO]: Server running on http://localhost:5000
2025-03-20 23:03:34 [INFO]: Server running on http://localhost:5000
2025-03-20 23:03:37 [INFO]: Server running on http://localhost:5000
2025-03-20 23:03:48 [INFO]: Server running on http://localhost:5000
2025-03-20 23:03:51 [INFO]: Server running on http://localhost:5000
2025-03-20 23:03:53 [INFO]: Server running on http://localhost:5000
2025-03-20 23:04:25 [INFO]: Server running on http://localhost:5000
2025-03-20 23:04:32 [INFO]: Server running on http://localhost:5000
2025-03-20 23:04:37 [INFO]: Server running on http://localhost:5000
2025-03-20 23:04:39 [INFO]: Server running on http://localhost:5000
2025-03-20 23:04:41 [INFO]: Server running on http://localhost:5000
2025-03-20 23:05:10 [INFO]: Server running on http://localhost:5000
2025-03-20 23:05:12 [INFO]: Server running on http://localhost:5000
2025-03-20 23:05:13 [INFO]: Server running on http://localhost:5000
2025-03-20 23:06:51 [INFO]: Server running on http://localhost:5000
2025-03-20 23:08:22 [INFO]: Server running on http://localhost:5000
2025-03-20 23:08:25 [INFO]: Server running on http://localhost:5000
2025-03-20 23:08:27 [INFO]: Server running on http://localhost:5000
2025-03-20 23:08:31 [INFO]: Server running on http://localhost:5000
2025-03-20 23:08:41 [INFO]: Server running on http://localhost:5000
2025-03-20 23:08:43 [INFO]: Server running on http://localhost:5000
2025-03-20 23:08:46 [INFO]: Server running on http://localhost:5000
2025-03-20 23:08:48 [INFO]: Server running on http://localhost:5000
2025-03-20 23:08:51 [INFO]: Server running on http://localhost:5000
2025-03-20 23:09:02 [INFO]: Server running on http://localhost:5000
2025-03-20 23:09:04 [INFO]: Server running on http://localhost:5000
2025-03-20 23:09:08 [INFO]: Server running on http://localhost:5000
2025-03-20 23:09:10 [INFO]: Server running on http://localhost:5000
2025-03-20 23:09:12 [INFO]: Server running on http://localhost:5000
2025-03-20 23:09:14 [INFO]: Server running on http://localhost:5000
2025-03-20 23:09:15 [INFO]: Server running on http://localhost:5000
2025-03-20 23:09:35 [INFO]: Server running on http://localhost:5000
2025-03-20 23:09:37 [INFO]: Server running on http://localhost:5000
2025-03-20 23:09:39 [INFO]: Server running on http://localhost:5000
2025-03-20 23:09:45 [INFO]: Server running on http://localhost:5000
2025-03-20 23:09:55 [INFO]: Server running on http://localhost:5000
2025-03-20 23:09:58 [INFO]: Server running on http://localhost:5000
2025-03-20 23:10:00 [INFO]: Server running on http://localhost:5000
2025-03-20 23:10:04 [INFO]: Server running on http://localhost:5000
2025-03-20 23:10:08 [INFO]: Server running on http://localhost:5000
2025-03-20 23:10:10 [INFO]: Server running on http://localhost:5000
2025-03-20 23:10:19 [INFO]: Server running on http://localhost:5000
2025-03-20 23:10:22 [INFO]: Server running on http://localhost:5000
2025-03-20 23:10:30 [INFO]: Server running on http://localhost:5000
2025-03-20 23:10:32 [INFO]: Server running on http://localhost:5000
2025-03-20 23:10:36 [INFO]: Server running on http://localhost:5000
2025-03-20 23:10:43 [INFO]: Server running on http://localhost:5000
2025-03-20 23:10:46 [INFO]: Server running on http://localhost:5000
2025-03-20 23:10:48 [INFO]: Server running on http://localhost:5000
2025-03-20 23:10:53 [INFO]: Server running on http://localhost:5000
2025-03-20 23:10:54 [INFO]: Server running on http://localhost:5000
2025-03-20 23:10:59 [INFO]: Server running on http://localhost:5000
2025-03-20 23:11:10 [INFO]: Server running on http://localhost:5000
2025-03-20 23:11:13 [INFO]: Server running on http://localhost:5000
2025-03-20 23:11:14 [INFO]: Server running on http://localhost:5000
2025-03-20 23:11:22 [INFO]: Server running on http://localhost:5000
2025-03-20 23:11:25 [INFO]: Server running on http://localhost:5000
2025-03-20 23:11:32 [INFO]: Server running on http://localhost:5000
2025-03-20 23:11:36 [INFO]: Server running on http://localhost:5000
2025-03-20 23:11:37 [INFO]: Server running on http://localhost:5000
2025-03-20 23:11:46 [INFO]: Server running on http://localhost:5000
2025-03-20 23:11:54 [INFO]: Server running on http://localhost:5000
2025-03-20 23:11:59 [INFO]: Server running on http://localhost:5000
2025-03-20 23:12:03 [INFO]: Server running on http://localhost:5000
2025-03-20 23:12:05 [INFO]: Server running on http://localhost:5000
2025-03-20 23:12:18 [INFO]: Server running on http://localhost:5000
2025-03-20 23:12:24 [INFO]: Server running on http://localhost:5000
2025-03-20 23:12:32 [INFO]: Server running on http://localhost:5000
2025-03-20 23:14:48 [INFO]: Server running on http://localhost:5000
2025-03-20 23:15:45 [INFO]: Server running on http://localhost:5000
2025-03-20 23:16:25 [INFO]: User Data Fetching Started
2025-03-20 23:16:25 [INFO]: User Data Fetched
2025-03-20 23:16:25 [INFO]: user data fetched response: [object Object]
2025-03-20 23:16:51 [INFO]: Add User Started: undefined undefined
2025-03-20 23:16:51 [INFO]: user data created: ${userData.code} ${userData.message}
2025-03-20 23:17:20 [INFO]: User Data Updated Started
2025-03-20 23:17:20 [INFO]: User Data Updated
2025-03-20 23:17:20 [INFO]: user data updated: 200 Successfully fetched user data
2025-03-20 23:17:52 [INFO]: User Data Fetching Started
2025-03-20 23:17:52 [INFO]: User Data Fetched Completed
2025-03-20 23:17:52 [INFO]: user data fetched response: 200 Successfully fetched user data
2025-03-20 23:18:00 [INFO]: User Data Deletion Started
2025-03-20 23:18:00 [INFO]: User Data Deleted
2025-03-20 23:18:00 [INFO]: user data fetched response: 200 Successfully fetched user data
2025-03-20 23:26:52 [INFO]: Server running on http://localhost:5000
2025-03-20 23:27:15 [INFO]: Server running on http://localhost:5000
2025-03-20 23:27:17 [INFO]: Server running on http://localhost:5000
2025-03-20 23:31:10 [INFO]: Server running on http://localhost:5000
2025-03-20 23:31:12 [INFO]: Server running on http://localhost:5000
2025-03-20 23:31:15 [INFO]: Server running on http://localhost:5000
2025-03-20 23:31:20 [INFO]: Server running on http://localhost:5000
2025-03-20 23:31:22 [INFO]: Server running on http://localhost:5000
2025-03-20 23:31:24 [INFO]: Server running on http://localhost:5000
2025-03-20 23:31:25 [INFO]: Server running on http://localhost:5000
2025-03-20 23:32:06 [INFO]: Server running on http://localhost:5000
2025-03-20 23:32:27 [INFO]: Server running on http://localhost:5000
2025-03-20 23:32:34 [INFO]: Server running on http://localhost:5000
2025-03-20 23:33:34 [INFO]: Server running on http://localhost:5000
2025-03-20 23:33:36 [INFO]: Server running on http://localhost:5000
2025-03-20 23:33:43 [INFO]: Server running on http://localhost:5000
2025-03-20 23:34:34 [INFO]: Server running on http://localhost:5000
2025-03-20 23:34:36 [INFO]: Server running on http://localhost:5000
2025-03-20 23:34:36 [INFO]: Database connected successfully
2025-03-20 23:34:41 [INFO]: Server running on http://localhost:5000
2025-03-20 23:34:41 [INFO]: Database connected successfully
2025-03-20 23:34:45 [INFO]: Server running on http://localhost:5000
2025-03-20 23:34:45 [INFO]: Database connected successfully
2025-03-20 23:36:26 [INFO]: Server running on http://localhost:5000
2025-03-20 23:36:26 [INFO]: Database connected successfully
2025-03-20 23:36:35 [INFO]: Server running on http://localhost:5000
2025-03-20 23:36:35 [INFO]: Database connected successfully
2025-03-20 23:36:42 [INFO]: Server running on http://localhost:5000
2025-03-20 23:36:42 [INFO]: Database connected successfully
2025-03-20 23:36:45 [INFO]: Server running on http://localhost:5000
2025-03-20 23:36:45 [INFO]: Database connected successfully
2025-03-20 23:36:48 [INFO]: Server running on http://localhost:5000
2025-03-20 23:36:48 [INFO]: Database connected successfully
2025-03-20 23:36:53 [INFO]: Server running on http://localhost:5000
2025-03-20 23:36:53 [INFO]: Database connected successfully
2025-03-20 23:37:01 [INFO]: Server running on http://localhost:5000
2025-03-20 23:37:01 [INFO]: Database connected successfully
2025-03-20 23:37:02 [INFO]: Server running on http://localhost:5000
2025-03-20 23:37:02 [INFO]: Database connected successfully
